\BOOKMARK [1][-]{section.1}{Overview}{}% 1
\BOOKMARK [2][-]{subsection.1.1}{Course Overview}{section.1}% 2
\BOOKMARK [2][-]{subsection.1.2}{Danaus Overview}{section.1}% 3
\BOOKMARK [1][-]{section.2}{Simulation Basics}{}% 4
\BOOKMARK [2][-]{subsection.2.1}{Parks, Maps, and Tiles}{section.2}% 5
\BOOKMARK [2][-]{subsection.2.2}{Butterflies}{section.2}% 6
\BOOKMARK [2][-]{subsection.2.3}{Direction}{section.2}% 7
\BOOKMARK [1][-]{section.3}{Maps}{}% 8
\BOOKMARK [2][-]{subsection.3.1}{Tile Types}{section.3}% 9
\BOOKMARK [3][-]{subsubsection.3.1.1}{Land}{subsection.3.1}% 10
\BOOKMARK [3][-]{subsubsection.3.1.2}{Forest}{subsection.3.1}% 11
\BOOKMARK [3][-]{subsubsection.3.1.3}{Cliff}{subsection.3.1}% 12
\BOOKMARK [3][-]{subsubsection.3.1.4}{Water}{subsection.3.1}% 13
\BOOKMARK [2][-]{subsection.3.2}{Tile State}{section.3}% 14
\BOOKMARK [3][-]{subsubsection.3.2.1}{Location}{subsection.3.2}% 15
\BOOKMARK [3][-]{subsubsection.3.2.2}{Light}{subsection.3.2}% 16
\BOOKMARK [3][-]{subsubsection.3.2.3}{Wind}{subsection.3.2}% 17
\BOOKMARK [3][-]{subsubsection.3.2.4}{Flowers}{subsection.3.2}% 18
\BOOKMARK [3][-]{subsubsection.3.2.5}{Aromas}{subsection.3.2}% 19
\BOOKMARK [1][-]{section.4}{Butterfly API}{}% 20
\BOOKMARK [2][-]{subsection.4.1}{void fly\(Direction heading, Speed s\)}{section.4}% 21
\BOOKMARK [2][-]{subsection.4.2}{void refreshState\(\)}{section.4}% 22
\BOOKMARK [2][-]{subsection.4.3}{int getMapWidth\(\)}{section.4}% 23
\BOOKMARK [2][-]{subsection.4.4}{int getMapHeight\(\)}{section.4}% 24
\BOOKMARK [1][-]{section.5}{Learning and Running}{}% 25
\BOOKMARK [2][-]{subsection.5.1}{Learning}{section.5}% 26
\BOOKMARK [2][-]{subsection.5.2}{Running}{section.5}% 27
\BOOKMARK [1][-]{section.6}{Command Line Options}{}% 28
\BOOKMARK [1][-]{section.7}{Some Advice From Me To You}{}% 29
\BOOKMARK [1][-]{section.8}{Credits}{}% 30
