\BOOKMARK [1][-]{section.1}{Overview}{}% 1
\BOOKMARK [2][-]{subsection.1.1}{Course Overview}{section.1}% 2
\BOOKMARK [2][-]{subsection.1.2}{Danaus Overview}{section.1}% 3
\BOOKMARK [1][-]{section.2}{Simulation Basics}{}% 4
\BOOKMARK [2][-]{subsection.2.1}{Parks, Maps, and Tiles}{section.2}% 5
\BOOKMARK [2][-]{subsection.2.2}{Butterflies}{section.2}% 6
\BOOKMARK [2][-]{subsection.2.3}{Power}{section.2}% 7
\BOOKMARK [2][-]{subsection.2.4}{Direction}{section.2}% 8
\BOOKMARK [2][-]{subsection.2.5}{Speed}{section.2}% 9
\BOOKMARK [1][-]{section.3}{Maps}{}% 10
\BOOKMARK [2][-]{subsection.3.1}{Tile Types}{section.3}% 11
\BOOKMARK [3][-]{subsubsection.3.1.1}{Land}{subsection.3.1}% 12
\BOOKMARK [3][-]{subsubsection.3.1.2}{Forest}{subsection.3.1}% 13
\BOOKMARK [3][-]{subsubsection.3.1.3}{Cliff}{subsection.3.1}% 14
\BOOKMARK [3][-]{subsubsection.3.1.4}{Water}{subsection.3.1}% 15
\BOOKMARK [2][-]{subsection.3.2}{Connectivity}{section.3}% 16
\BOOKMARK [2][-]{subsection.3.3}{Tile State}{section.3}% 17
\BOOKMARK [3][-]{subsubsection.3.3.1}{Location}{subsection.3.3}% 18
\BOOKMARK [3][-]{subsubsection.3.3.2}{Light}{subsection.3.3}% 19
\BOOKMARK [3][-]{subsubsection.3.3.3}{Wind}{subsection.3.3}% 20
\BOOKMARK [3][-]{subsubsection.3.3.4}{Flowers}{subsection.3.3}% 21
\BOOKMARK [3][-]{subsubsection.3.3.5}{Aromas}{subsection.3.3}% 22
\BOOKMARK [1][-]{section.4}{Butterfly API}{}% 23
\BOOKMARK [2][-]{subsection.4.1}{void fly\(Direction heading, Speed s\)}{section.4}% 24
\BOOKMARK [2][-]{subsection.4.2}{void land\(\)}{section.4}% 25
\BOOKMARK [2][-]{subsection.4.3}{boolean collect\(Flower f\)}{section.4}% 26
\BOOKMARK [2][-]{subsection.4.4}{void refreshState\(\)}{section.4}% 27
\BOOKMARK [2][-]{subsection.4.5}{Power getPower\(\)}{section.4}% 28
\BOOKMARK [2][-]{subsection.4.6}{int getMapWidth\(\)}{section.4}% 29
\BOOKMARK [2][-]{subsection.4.7}{int getMapHeight\(\)}{section.4}% 30
\BOOKMARK [1][-]{section.5}{Learning and Running}{}% 31
\BOOKMARK [2][-]{subsection.5.1}{Learning}{section.5}% 32
\BOOKMARK [2][-]{subsection.5.2}{Running}{section.5}% 33
\BOOKMARK [1][-]{section.6}{Command Line Options}{}% 34
\BOOKMARK [1][-]{section.7}{Credits}{}% 35
